<?xml version="1.0" encoding="UTF-8"?>
<!-- Generated by org.testng.reporters.JUnitReportReporter -->
<testsuite skipped="0" hostname="LAPTOP-SQ84VLKK" name="sfdc.testcases.SFDC_TC_08" tests="1" failures="0" timestamp="2020-04-14T23:07:47 PDT" time="24.724" errors="0">
  <testcase name="TC_09_UserMenu" time="24.724" classname="sfdc.testcases.SFDC_TC_08"/>
</testsuite> <!-- sfdc.testcases.SFDC_TC_08 -->
