<?xml version="1.0" encoding="UTF-8"?>
<!-- Generated by org.testng.reporters.JUnitReportReporter -->
<testsuite skipped="0" hostname="LAPTOP-SQ84VLKK" name="sfdc.reusable_code.Select_Browser" tests="1" failures="0" timestamp="2020-04-14T23:07:47 PDT" time="8.523" errors="0">
  <testcase name="BrowserName" time="8.523" classname="sfdc.reusable_code.Select_Browser"/>
</testsuite> <!-- sfdc.reusable_code.Select_Browser -->
